2011/02/09 18:57:02 [error] [exception.CHttpException.403] exception 'CHttpException' with message 'You are not authorized to perform this action.' in /data/www/wwwroot/yii-1.1.6.r2877/framework/web/auth/CAccessControlFilter.php:157
Stack trace:
#0 /data/www/wwwroot/yii-1.1.6.r2877/framework/web/auth/CAccessControlFilter.php(119): CAccessControlFilter->accessDenied(Object(CWebUser), 'You are not aut...')
#1 /data/www/wwwroot/yii-1.1.6.r2877/framework/web/filters/CFilter.php(39): CAccessControlFilter->preFilter(Object(CFilterChain))
#2 /data/www/wwwroot/yii-1.1.6.r2877/framework/web/CController.php(1088): CFilter->filter(Object(CFilterChain))
#3 /data/www/wwwroot/yii-1.1.6.r2877/framework/web/filters/CInlineFilter.php(59): CController->filterAccessControl(Object(CFilterChain))
#4 /data/www/wwwroot/yii-1.1.6.r2877/framework/web/filters/CFilterChain.php(130): CInlineFilter->filter(Object(CFilterChain))
#5 /data/www/wwwroot/yii-1.1.6.r2877/framework/web/CController.php(283): CFilterChain->run()
#6 /data/www/wwwroot/yii-1.1.6.r2877/framework/web/CController.php(257): CController->runActionWithFilters(Object(CInlineAction), Array)
#7 /data/www/wwwroot/yii-1.1.6.r2877/framework/web/CWebApplication.php(328): CController->run('admin')
#8 /data/www/wwwroot/yii-1.1.6.r2877/framework/web/CWebApplication.php(121): CWebApplication->runController('verycd/admin')
#9 /data/www/wwwroot/yii-1.1.6.r2877/framework/base/CApplication.php(155): CWebApplication->processRequest()
#10 /data/www/wwwroot/gomarket.goapk.com/lijingru/index.php(13): CApplication->run()
#11 {main} REQUEST_URI=/lijingru/index.php?r=verycd/admin
2011/02/09 18:57:24 [error] [exception.CHttpException.403] exception 'CHttpException' with message 'You are not authorized to perform this action.' in /data/www/wwwroot/yii-1.1.6.r2877/framework/web/auth/CAccessControlFilter.php:157
Stack trace:
#0 /data/www/wwwroot/yii-1.1.6.r2877/framework/web/auth/CAccessControlFilter.php(119): CAccessControlFilter->accessDenied(Object(CWebUser), 'You are not aut...')
#1 /data/www/wwwroot/yii-1.1.6.r2877/framework/web/filters/CFilter.php(39): CAccessControlFilter->preFilter(Object(CFilterChain))
#2 /data/www/wwwroot/yii-1.1.6.r2877/framework/web/CController.php(1088): CFilter->filter(Object(CFilterChain))
#3 /data/www/wwwroot/yii-1.1.6.r2877/framework/web/filters/CInlineFilter.php(59): CController->filterAccessControl(Object(CFilterChain))
#4 /data/www/wwwroot/yii-1.1.6.r2877/framework/web/filters/CFilterChain.php(130): CInlineFilter->filter(Object(CFilterChain))
#5 /data/www/wwwroot/yii-1.1.6.r2877/framework/web/CController.php(283): CFilterChain->run()
#6 /data/www/wwwroot/yii-1.1.6.r2877/framework/web/CController.php(257): CController->runActionWithFilters(Object(CInlineAction), Array)
#7 /data/www/wwwroot/yii-1.1.6.r2877/framework/web/CWebApplication.php(328): CController->run('admin')
#8 /data/www/wwwroot/yii-1.1.6.r2877/framework/web/CWebApplication.php(121): CWebApplication->runController('verycd/admin')
#9 /data/www/wwwroot/yii-1.1.6.r2877/framework/base/CApplication.php(155): CWebApplication->processRequest()
#10 /data/www/wwwroot/gomarket.goapk.com/lijingru/index.php(13): CApplication->run()
#11 {main} REQUEST_URI=/lijingru/index.php?r=verycd/admin
2011/02/09 18:57:35 [error] [exception.CHttpException.403] exception 'CHttpException' with message 'You are not authorized to perform this action.' in /data/www/wwwroot/yii-1.1.6.r2877/framework/web/auth/CAccessControlFilter.php:157
Stack trace:
#0 /data/www/wwwroot/yii-1.1.6.r2877/framework/web/auth/CAccessControlFilter.php(119): CAccessControlFilter->accessDenied(Object(CWebUser), 'You are not aut...')
#1 /data/www/wwwroot/yii-1.1.6.r2877/framework/web/filters/CFilter.php(39): CAccessControlFilter->preFilter(Object(CFilterChain))
#2 /data/www/wwwroot/yii-1.1.6.r2877/framework/web/CController.php(1088): CFilter->filter(Object(CFilterChain))
#3 /data/www/wwwroot/yii-1.1.6.r2877/framework/web/filters/CInlineFilter.php(59): CController->filterAccessControl(Object(CFilterChain))
#4 /data/www/wwwroot/yii-1.1.6.r2877/framework/web/filters/CFilterChain.php(130): CInlineFilter->filter(Object(CFilterChain))
#5 /data/www/wwwroot/yii-1.1.6.r2877/framework/web/CController.php(283): CFilterChain->run()
#6 /data/www/wwwroot/yii-1.1.6.r2877/framework/web/CController.php(257): CController->runActionWithFilters(Object(CInlineAction), Array)
#7 /data/www/wwwroot/yii-1.1.6.r2877/framework/web/CWebApplication.php(328): CController->run('create')
#8 /data/www/wwwroot/yii-1.1.6.r2877/framework/web/CWebApplication.php(121): CWebApplication->runController('verycd/create')
#9 /data/www/wwwroot/yii-1.1.6.r2877/framework/base/CApplication.php(155): CWebApplication->processRequest()
#10 /data/www/wwwroot/gomarket.goapk.com/lijingru/index.php(13): CApplication->run()
#11 {main} REQUEST_URI=/lijingru/index.php?r=verycd/create
2011/02/09 18:59:49 [error] [php] Undefined variable: _GLOBALS (/data/www/wwwroot/gomarket.goapk.com/lijingru/protected/views/verycd/index.php:5)
Stack trace:
#0 /data/www/wwwroot/yii-1.1.6.r2877/framework/web/CController.php(833): VerycdController->renderFile()
#1 /data/www/wwwroot/yii-1.1.6.r2877/framework/web/CController.php(746): VerycdController->renderPartial()
#2 /data/www/wwwroot/gomarket.goapk.com/lijingru/protected/controllers/VerycdController.php(134): VerycdController->render()
#3 /data/www/wwwroot/yii-1.1.6.r2877/framework/web/actions/CInlineAction.php(57): VerycdController->actionIndex()
#4 /data/www/wwwroot/yii-1.1.6.r2877/framework/web/CController.php(300): CInlineAction->run()
#5 /data/www/wwwroot/yii-1.1.6.r2877/framework/web/filters/CFilterChain.php(133): VerycdController->runAction()
#6 /data/www/wwwroot/yii-1.1.6.r2877/framework/web/filters/CFilter.php(41): CFilterChain->run()
#7 /data/www/wwwroot/yii-1.1.6.r2877/framework/web/CController.php(1088): CAccessControlFilter->filter()
#8 /data/www/wwwroot/yii-1.1.6.r2877/framework/web/filters/CInlineFilter.php(59): VerycdController->filterAccessControl()
#9 /data/www/wwwroot/yii-1.1.6.r2877/framework/web/filters/CFilterChain.php(130): CInlineFilter->filter()
#10 /data/www/wwwroot/yii-1.1.6.r2877/framework/web/CController.php(283): CFilterChain->run()
#11 /data/www/wwwroot/yii-1.1.6.r2877/framework/web/CController.php(257): VerycdController->runActionWithFilters()
#12 /data/www/wwwroot/yii-1.1.6.r2877/framework/web/CWebApplication.php(328): VerycdController->run()
#13 /data/www/wwwroot/yii-1.1.6.r2877/framework/web/CWebApplication.php(121): CWebApplication->runController()
#14 /data/www/wwwroot/yii-1.1.6.r2877/framework/base/CApplication.php(155): CWebApplication->processRequest()
#15 /data/www/wwwroot/gomarket.goapk.com/lijingru/index.php(13): CWebApplication->run()
REQUEST_URI=/lijingru/index.php?r=verycd/index
in /data/www/wwwroot/gomarket.goapk.com/lijingru/protected/views/verycd/index.php (5)
in /data/www/wwwroot/gomarket.goapk.com/lijingru/protected/controllers/VerycdController.php (134)
in /data/www/wwwroot/gomarket.goapk.com/lijingru/index.php (13)
2011/02/09 19:00:05 [error] [php] Undefined variable: _GLOBAL (/data/www/wwwroot/gomarket.goapk.com/lijingru/protected/views/verycd/index.php:5)
Stack trace:
#0 /data/www/wwwroot/yii-1.1.6.r2877/framework/web/CController.php(833): VerycdController->renderFile()
#1 /data/www/wwwroot/yii-1.1.6.r2877/framework/web/CController.php(746): VerycdController->renderPartial()
#2 /data/www/wwwroot/gomarket.goapk.com/lijingru/protected/controllers/VerycdController.php(134): VerycdController->render()
#3 /data/www/wwwroot/yii-1.1.6.r2877/framework/web/actions/CInlineAction.php(57): VerycdController->actionIndex()
#4 /data/www/wwwroot/yii-1.1.6.r2877/framework/web/CController.php(300): CInlineAction->run()
#5 /data/www/wwwroot/yii-1.1.6.r2877/framework/web/filters/CFilterChain.php(133): VerycdController->runAction()
#6 /data/www/wwwroot/yii-1.1.6.r2877/framework/web/filters/CFilter.php(41): CFilterChain->run()
#7 /data/www/wwwroot/yii-1.1.6.r2877/framework/web/CController.php(1088): CAccessControlFilter->filter()
#8 /data/www/wwwroot/yii-1.1.6.r2877/framework/web/filters/CInlineFilter.php(59): VerycdController->filterAccessControl()
#9 /data/www/wwwroot/yii-1.1.6.r2877/framework/web/filters/CFilterChain.php(130): CInlineFilter->filter()
#10 /data/www/wwwroot/yii-1.1.6.r2877/framework/web/CController.php(283): CFilterChain->run()
#11 /data/www/wwwroot/yii-1.1.6.r2877/framework/web/CController.php(257): VerycdController->runActionWithFilters()
#12 /data/www/wwwroot/yii-1.1.6.r2877/framework/web/CWebApplication.php(328): VerycdController->run()
#13 /data/www/wwwroot/yii-1.1.6.r2877/framework/web/CWebApplication.php(121): CWebApplication->runController()
#14 /data/www/wwwroot/yii-1.1.6.r2877/framework/base/CApplication.php(155): CWebApplication->processRequest()
#15 /data/www/wwwroot/gomarket.goapk.com/lijingru/index.php(13): CWebApplication->run()
REQUEST_URI=/lijingru/index.php?r=verycd/index
in /data/www/wwwroot/gomarket.goapk.com/lijingru/protected/views/verycd/index.php (5)
in /data/www/wwwroot/gomarket.goapk.com/lijingru/protected/controllers/VerycdController.php (134)
in /data/www/wwwroot/gomarket.goapk.com/lijingru/index.php (13)
